<?xml version="1.0" encoding="UTF-8"?>
<!-- Generated by org.testng.reporters.JUnitReportReporter -->
<testsuite hostname="DESKTOP-BHHMD9H" name="com.apex.kp.signon.test.LoginTest" tests="1" failures="0" timestamp="25 Feb 2020 22:19:34 GMT" time="8.761" errors="0">
  <testcase name="testwithCorrectid" time="8.761" classname="com.apex.kp.signon.test.LoginTest"/>
</testsuite>
